mode: set
github.com/artrsyf/avito-trainee-assignment/internal/user/usecase/usecase.go:24.213,31.2 1 1
github.com/artrsyf/avito-trainee-assignment/internal/user/usecase/usecase.go:33.100,35.16 2 1
github.com/artrsyf/avito-trainee-assignment/internal/user/usecase/usecase.go:35.16,38.3 2 1
github.com/artrsyf/avito-trainee-assignment/internal/user/usecase/usecase.go:40.2,41.16 2 1
github.com/artrsyf/avito-trainee-assignment/internal/user/usecase/usecase.go:41.16,44.3 2 1
github.com/artrsyf/avito-trainee-assignment/internal/user/usecase/usecase.go:46.2,47.16 2 1
github.com/artrsyf/avito-trainee-assignment/internal/user/usecase/usecase.go:47.16,50.3 2 1
github.com/artrsyf/avito-trainee-assignment/internal/user/usecase/usecase.go:52.2,53.16 2 1
github.com/artrsyf/avito-trainee-assignment/internal/user/usecase/usecase.go:53.16,56.3 2 1
github.com/artrsyf/avito-trainee-assignment/internal/user/usecase/usecase.go:58.2,64.29 3 1
github.com/artrsyf/avito-trainee-assignment/internal/user/repository/postgres/user_postgres.go:18.91,23.2 1 1
github.com/artrsyf/avito-trainee-assignment/internal/user/repository/postgres/user_postgres.go:25.105,28.16 2 1
github.com/artrsyf/avito-trainee-assignment/internal/user/repository/postgres/user_postgres.go:28.16,31.3 2 1
github.com/artrsyf/avito-trainee-assignment/internal/user/repository/postgres/user_postgres.go:33.2,33.26 1 1
github.com/artrsyf/avito-trainee-assignment/internal/user/repository/postgres/user_postgres.go:33.26,36.3 2 1
github.com/artrsyf/avito-trainee-assignment/internal/user/repository/postgres/user_postgres.go:38.2,41.16 3 1
github.com/artrsyf/avito-trainee-assignment/internal/user/repository/postgres/user_postgres.go:41.16,44.3 2 0
github.com/artrsyf/avito-trainee-assignment/internal/user/repository/postgres/user_postgres.go:46.2,50.26 2 1
github.com/artrsyf/avito-trainee-assignment/internal/user/repository/postgres/user_postgres.go:53.111,55.16 2 1
github.com/artrsyf/avito-trainee-assignment/internal/user/repository/postgres/user_postgres.go:55.16,58.3 2 1
github.com/artrsyf/avito-trainee-assignment/internal/user/repository/postgres/user_postgres.go:60.2,64.12 2 1
github.com/artrsyf/avito-trainee-assignment/internal/user/repository/postgres/user_postgres.go:67.96,73.26 3 1
github.com/artrsyf/avito-trainee-assignment/internal/user/repository/postgres/user_postgres.go:73.26,76.3 2 1
github.com/artrsyf/avito-trainee-assignment/internal/user/repository/postgres/user_postgres.go:76.8,76.23 1 1
github.com/artrsyf/avito-trainee-assignment/internal/user/repository/postgres/user_postgres.go:76.23,79.3 2 1
github.com/artrsyf/avito-trainee-assignment/internal/user/repository/postgres/user_postgres.go:81.2,81.19 1 1
github.com/artrsyf/avito-trainee-assignment/internal/user/repository/postgres/user_postgres.go:84.110,90.26 3 1
github.com/artrsyf/avito-trainee-assignment/internal/user/repository/postgres/user_postgres.go:90.26,93.3 2 1
github.com/artrsyf/avito-trainee-assignment/internal/user/repository/postgres/user_postgres.go:93.8,93.23 1 1
github.com/artrsyf/avito-trainee-assignment/internal/user/repository/postgres/user_postgres.go:93.23,96.3 2 1
github.com/artrsyf/avito-trainee-assignment/internal/user/repository/postgres/user_postgres.go:98.2,98.19 1 1
github.com/artrsyf/avito-trainee-assignment/internal/transaction/usecase/usecase.go:26.196,33.2 1 1
github.com/artrsyf/avito-trainee-assignment/internal/transaction/usecase/usecase.go:35.104,37.16 2 1
github.com/artrsyf/avito-trainee-assignment/internal/transaction/usecase/usecase.go:37.16,40.3 2 1
github.com/artrsyf/avito-trainee-assignment/internal/transaction/usecase/usecase.go:42.2,43.16 2 1
github.com/artrsyf/avito-trainee-assignment/internal/transaction/usecase/usecase.go:43.16,46.3 2 1
github.com/artrsyf/avito-trainee-assignment/internal/transaction/usecase/usecase.go:48.2,48.54 1 1
github.com/artrsyf/avito-trainee-assignment/internal/transaction/usecase/usecase.go:48.54,51.3 2 1
github.com/artrsyf/avito-trainee-assignment/internal/transaction/usecase/usecase.go:53.2,57.16 4 1
github.com/artrsyf/avito-trainee-assignment/internal/transaction/usecase/usecase.go:57.16,60.3 2 0
github.com/artrsyf/avito-trainee-assignment/internal/transaction/usecase/usecase.go:62.2,63.16 2 1
github.com/artrsyf/avito-trainee-assignment/internal/transaction/usecase/usecase.go:63.16,65.19 2 1
github.com/artrsyf/avito-trainee-assignment/internal/transaction/usecase/usecase.go:65.19,67.4 1 0
github.com/artrsyf/avito-trainee-assignment/internal/transaction/usecase/usecase.go:68.3,69.13 2 1
github.com/artrsyf/avito-trainee-assignment/internal/transaction/usecase/usecase.go:72.2,73.16 2 1
github.com/artrsyf/avito-trainee-assignment/internal/transaction/usecase/usecase.go:73.16,75.19 2 0
github.com/artrsyf/avito-trainee-assignment/internal/transaction/usecase/usecase.go:75.19,77.4 1 0
github.com/artrsyf/avito-trainee-assignment/internal/transaction/usecase/usecase.go:78.3,79.13 2 0
github.com/artrsyf/avito-trainee-assignment/internal/transaction/usecase/usecase.go:82.2,88.16 3 1
github.com/artrsyf/avito-trainee-assignment/internal/transaction/usecase/usecase.go:88.16,90.19 2 1
github.com/artrsyf/avito-trainee-assignment/internal/transaction/usecase/usecase.go:90.19,92.4 1 0
github.com/artrsyf/avito-trainee-assignment/internal/transaction/usecase/usecase.go:93.3,94.13 2 1
github.com/artrsyf/avito-trainee-assignment/internal/transaction/usecase/usecase.go:97.2,98.16 2 1
github.com/artrsyf/avito-trainee-assignment/internal/transaction/usecase/usecase.go:98.16,101.3 2 1
github.com/artrsyf/avito-trainee-assignment/internal/transaction/usecase/usecase.go:103.2,109.12 2 1
github.com/artrsyf/avito-trainee-assignment/internal/purchase/usecase/usecase.go:26.181,33.2 1 1
github.com/artrsyf/avito-trainee-assignment/internal/purchase/usecase/usecase.go:35.104,39.16 3 1
github.com/artrsyf/avito-trainee-assignment/internal/purchase/usecase/usecase.go:39.16,42.3 2 1
github.com/artrsyf/avito-trainee-assignment/internal/purchase/usecase/usecase.go:44.2,45.16 2 1
github.com/artrsyf/avito-trainee-assignment/internal/purchase/usecase/usecase.go:45.16,48.3 2 1
github.com/artrsyf/avito-trainee-assignment/internal/purchase/usecase/usecase.go:50.2,50.45 1 1
github.com/artrsyf/avito-trainee-assignment/internal/purchase/usecase/usecase.go:50.45,53.3 2 1
github.com/artrsyf/avito-trainee-assignment/internal/purchase/usecase/usecase.go:55.2,58.16 3 1
github.com/artrsyf/avito-trainee-assignment/internal/purchase/usecase/usecase.go:58.16,61.3 2 1
github.com/artrsyf/avito-trainee-assignment/internal/purchase/usecase/usecase.go:63.2,64.16 2 1
github.com/artrsyf/avito-trainee-assignment/internal/purchase/usecase/usecase.go:64.16,66.19 2 1
github.com/artrsyf/avito-trainee-assignment/internal/purchase/usecase/usecase.go:66.19,68.4 1 0
github.com/artrsyf/avito-trainee-assignment/internal/purchase/usecase/usecase.go:69.3,70.13 2 1
github.com/artrsyf/avito-trainee-assignment/internal/purchase/usecase/usecase.go:73.2,74.16 2 1
github.com/artrsyf/avito-trainee-assignment/internal/purchase/usecase/usecase.go:74.16,76.19 2 1
github.com/artrsyf/avito-trainee-assignment/internal/purchase/usecase/usecase.go:76.19,78.4 1 0
github.com/artrsyf/avito-trainee-assignment/internal/purchase/usecase/usecase.go:79.3,80.13 2 1
github.com/artrsyf/avito-trainee-assignment/internal/purchase/usecase/usecase.go:83.2,84.16 2 1
github.com/artrsyf/avito-trainee-assignment/internal/purchase/usecase/usecase.go:84.16,87.3 2 1
github.com/artrsyf/avito-trainee-assignment/internal/purchase/usecase/usecase.go:89.2,94.12 2 1
github.com/artrsyf/avito-trainee-assignment/internal/transaction/repository/postgres/transaction_postgres.go:17.105,22.2 1 1
github.com/artrsyf/avito-trainee-assignment/internal/transaction/repository/postgres/transaction_postgres.go:24.132,28.16 3 1
github.com/artrsyf/avito-trainee-assignment/internal/transaction/repository/postgres/transaction_postgres.go:28.16,31.3 2 1
github.com/artrsyf/avito-trainee-assignment/internal/transaction/repository/postgres/transaction_postgres.go:33.2,37.33 2 1
github.com/artrsyf/avito-trainee-assignment/internal/transaction/repository/postgres/transaction_postgres.go:40.130,53.16 2 1
github.com/artrsyf/avito-trainee-assignment/internal/transaction/repository/postgres/transaction_postgres.go:53.16,56.3 2 1
github.com/artrsyf/avito-trainee-assignment/internal/transaction/repository/postgres/transaction_postgres.go:57.2,57.15 1 1
github.com/artrsyf/avito-trainee-assignment/internal/transaction/repository/postgres/transaction_postgres.go:57.15,58.38 1 1
github.com/artrsyf/avito-trainee-assignment/internal/transaction/repository/postgres/transaction_postgres.go:58.38,60.4 1 0
github.com/artrsyf/avito-trainee-assignment/internal/transaction/repository/postgres/transaction_postgres.go:63.2,64.18 2 1
github.com/artrsyf/avito-trainee-assignment/internal/transaction/repository/postgres/transaction_postgres.go:64.18,67.17 3 1
github.com/artrsyf/avito-trainee-assignment/internal/transaction/repository/postgres/transaction_postgres.go:67.17,70.4 2 1
github.com/artrsyf/avito-trainee-assignment/internal/transaction/repository/postgres/transaction_postgres.go:72.3,72.77 1 1
github.com/artrsyf/avito-trainee-assignment/internal/transaction/repository/postgres/transaction_postgres.go:75.2,75.29 1 1
github.com/artrsyf/avito-trainee-assignment/internal/transaction/repository/postgres/transaction_postgres.go:78.122,91.16 2 1
github.com/artrsyf/avito-trainee-assignment/internal/transaction/repository/postgres/transaction_postgres.go:91.16,94.3 2 1
github.com/artrsyf/avito-trainee-assignment/internal/transaction/repository/postgres/transaction_postgres.go:95.2,95.15 1 1
github.com/artrsyf/avito-trainee-assignment/internal/transaction/repository/postgres/transaction_postgres.go:95.15,96.38 1 1
github.com/artrsyf/avito-trainee-assignment/internal/transaction/repository/postgres/transaction_postgres.go:96.38,98.4 1 0
github.com/artrsyf/avito-trainee-assignment/internal/transaction/repository/postgres/transaction_postgres.go:101.2,102.18 2 1
github.com/artrsyf/avito-trainee-assignment/internal/transaction/repository/postgres/transaction_postgres.go:102.18,105.17 3 1
github.com/artrsyf/avito-trainee-assignment/internal/transaction/repository/postgres/transaction_postgres.go:105.17,108.4 2 1
github.com/artrsyf/avito-trainee-assignment/internal/transaction/repository/postgres/transaction_postgres.go:110.3,110.65 1 1
github.com/artrsyf/avito-trainee-assignment/internal/transaction/repository/postgres/transaction_postgres.go:113.2,113.25 1 1
github.com/artrsyf/avito-trainee-assignment/internal/purchase/repository/postgres/purchase_postgres.go:17.99,22.2 1 1
github.com/artrsyf/avito-trainee-assignment/internal/purchase/repository/postgres/purchase_postgres.go:24.121,30.26 4 1
github.com/artrsyf/avito-trainee-assignment/internal/purchase/repository/postgres/purchase_postgres.go:30.26,33.3 2 1
github.com/artrsyf/avito-trainee-assignment/internal/purchase/repository/postgres/purchase_postgres.go:34.2,34.16 1 1
github.com/artrsyf/avito-trainee-assignment/internal/purchase/repository/postgres/purchase_postgres.go:34.16,37.3 2 0
github.com/artrsyf/avito-trainee-assignment/internal/purchase/repository/postgres/purchase_postgres.go:39.2,41.16 2 1
github.com/artrsyf/avito-trainee-assignment/internal/purchase/repository/postgres/purchase_postgres.go:41.16,44.3 2 1
github.com/artrsyf/avito-trainee-assignment/internal/purchase/repository/postgres/purchase_postgres.go:46.2,46.30 1 1
github.com/artrsyf/avito-trainee-assignment/internal/purchase/repository/postgres/purchase_postgres.go:49.133,55.26 3 1
github.com/artrsyf/avito-trainee-assignment/internal/purchase/repository/postgres/purchase_postgres.go:55.26,58.3 2 1
github.com/artrsyf/avito-trainee-assignment/internal/purchase/repository/postgres/purchase_postgres.go:59.2,59.16 1 1
github.com/artrsyf/avito-trainee-assignment/internal/purchase/repository/postgres/purchase_postgres.go:59.16,62.3 2 1
github.com/artrsyf/avito-trainee-assignment/internal/purchase/repository/postgres/purchase_postgres.go:64.2,64.27 1 1
github.com/artrsyf/avito-trainee-assignment/internal/purchase/repository/postgres/purchase_postgres.go:67.122,74.16 2 1
github.com/artrsyf/avito-trainee-assignment/internal/purchase/repository/postgres/purchase_postgres.go:74.16,77.3 2 1
github.com/artrsyf/avito-trainee-assignment/internal/purchase/repository/postgres/purchase_postgres.go:78.2,78.15 1 1
github.com/artrsyf/avito-trainee-assignment/internal/purchase/repository/postgres/purchase_postgres.go:78.15,79.38 1 1
github.com/artrsyf/avito-trainee-assignment/internal/purchase/repository/postgres/purchase_postgres.go:79.38,81.4 1 0
github.com/artrsyf/avito-trainee-assignment/internal/purchase/repository/postgres/purchase_postgres.go:84.2,85.18 2 1
github.com/artrsyf/avito-trainee-assignment/internal/purchase/repository/postgres/purchase_postgres.go:85.18,88.17 3 1
github.com/artrsyf/avito-trainee-assignment/internal/purchase/repository/postgres/purchase_postgres.go:88.17,91.4 2 1
github.com/artrsyf/avito-trainee-assignment/internal/purchase/repository/postgres/purchase_postgres.go:93.3,93.54 1 1
github.com/artrsyf/avito-trainee-assignment/internal/purchase/repository/postgres/purchase_postgres.go:96.2,96.23 1 1
github.com/artrsyf/avito-trainee-assignment/internal/session/repository/redis/session_redis.go:22.101,27.2 1 1
github.com/artrsyf/avito-trainee-assignment/internal/session/repository/redis/session_redis.go:29.120,34.16 4 1
github.com/artrsyf/avito-trainee-assignment/internal/session/repository/redis/session_redis.go:34.16,37.3 2 0
github.com/artrsyf/avito-trainee-assignment/internal/session/repository/redis/session_redis.go:39.2,48.16 3 1
github.com/artrsyf/avito-trainee-assignment/internal/session/repository/redis/session_redis.go:48.16,51.3 2 1
github.com/artrsyf/avito-trainee-assignment/internal/session/repository/redis/session_redis.go:53.2,57.26 2 1
github.com/artrsyf/avito-trainee-assignment/internal/session/repository/redis/session_redis.go:60.101,64.22 3 1
github.com/artrsyf/avito-trainee-assignment/internal/session/repository/redis/session_redis.go:64.22,69.3 2 1
github.com/artrsyf/avito-trainee-assignment/internal/session/repository/redis/session_redis.go:70.2,70.16 1 1
github.com/artrsyf/avito-trainee-assignment/internal/session/repository/redis/session_redis.go:70.16,73.3 2 1
github.com/artrsyf/avito-trainee-assignment/internal/session/repository/redis/session_redis.go:75.2,76.54 2 1
github.com/artrsyf/avito-trainee-assignment/internal/session/repository/redis/session_redis.go:76.54,79.3 2 1
github.com/artrsyf/avito-trainee-assignment/internal/session/repository/redis/session_redis.go:81.2,81.21 1 1
github.com/artrsyf/avito-trainee-assignment/internal/session/usecase/usecase.go:30.177,37.2 1 1
github.com/artrsyf/avito-trainee-assignment/internal/session/usecase/usecase.go:39.131,41.51 2 1
github.com/artrsyf/avito-trainee-assignment/internal/session/usecase/usecase.go:41.51,44.3 2 1
github.com/artrsyf/avito-trainee-assignment/internal/session/usecase/usecase.go:46.2,46.22 1 1
github.com/artrsyf/avito-trainee-assignment/internal/session/usecase/usecase.go:46.22,47.67 1 1
github.com/artrsyf/avito-trainee-assignment/internal/session/usecase/usecase.go:47.67,50.4 2 1
github.com/artrsyf/avito-trainee-assignment/internal/session/usecase/usecase.go:52.3,53.45 2 1
github.com/artrsyf/avito-trainee-assignment/internal/session/usecase/usecase.go:53.45,55.4 1 1
github.com/artrsyf/avito-trainee-assignment/internal/session/usecase/usecase.go:56.3,56.22 1 1
github.com/artrsyf/avito-trainee-assignment/internal/session/usecase/usecase.go:56.22,59.4 2 0
github.com/artrsyf/avito-trainee-assignment/internal/session/usecase/usecase.go:61.3,62.22 2 1
github.com/artrsyf/avito-trainee-assignment/internal/session/usecase/usecase.go:65.2,66.16 2 1
github.com/artrsyf/avito-trainee-assignment/internal/session/usecase/usecase.go:66.16,71.3 2 0
github.com/artrsyf/avito-trainee-assignment/internal/session/usecase/usecase.go:73.2,74.16 2 1
github.com/artrsyf/avito-trainee-assignment/internal/session/usecase/usecase.go:74.16,79.3 2 0
github.com/artrsyf/avito-trainee-assignment/internal/session/usecase/usecase.go:81.2,81.63 1 1
github.com/artrsyf/avito-trainee-assignment/internal/session/usecase/usecase.go:84.67,86.2 1 1
github.com/artrsyf/avito-trainee-assignment/internal/session/usecase/usecase.go:88.143,90.16 2 1
github.com/artrsyf/avito-trainee-assignment/internal/session/usecase/usecase.go:90.16,93.3 2 0
github.com/artrsyf/avito-trainee-assignment/internal/session/usecase/usecase.go:95.2,96.16 2 1
github.com/artrsyf/avito-trainee-assignment/internal/session/usecase/usecase.go:96.16,99.3 2 0
github.com/artrsyf/avito-trainee-assignment/internal/session/usecase/usecase.go:101.2,107.16 2 1
github.com/artrsyf/avito-trainee-assignment/internal/session/usecase/usecase.go:107.16,115.3 2 0
github.com/artrsyf/avito-trainee-assignment/internal/session/usecase/usecase.go:117.2,118.16 2 1
github.com/artrsyf/avito-trainee-assignment/internal/session/usecase/usecase.go:118.16,121.3 2 1
github.com/artrsyf/avito-trainee-assignment/internal/session/usecase/usecase.go:123.2,128.66 2 1
